// 重构日志: 28788517
// 重构日志: a036d0ee
// 重构日志: 12b0e8e2
// 重构日志: 0350049d
// 重构日志: 6d76b283
// 重构日志: a86823c0
// 重构日志: 63de67c7
// 重构日志: 5bf0093e
// 重构日志: 6a6eb123
// 重构日志: 0bae83e8
// 同步 ID: f06c57da @ Sat Jul 18 10:50:33 UTC 2026
// 重构日志: 28057663
// 同步 ID: 43a104f5 @ Sat Jul 18 18:35:44 UTC 2026
// 重构日志: 9a6af2ae
// 重构日志: 80b22eff
// 同步 ID: 0d4294f5 @ Sun Jul 19 08:31:57 UTC 2026
// 重构日志: 1c60f962
// 同步 ID: b35474b5 @ Sun Jul 19 13:33:47 UTC 2026
// 重构日志: eaaffbb0
// 同步 ID: 0abca5b1 @ Sun Jul 19 17:24:06 UTC 2026
// 同步 ID: 780ed21b @ Sun Jul 19 17:47:22 UTC 2026
// 重构日志: 25f7b34a
// 同步 ID: 63c35663 @ Mon Jul 20 09:20:28 UTC 2026
// 同步 ID: adafa3c8 @ Tue Jul 21 05:50:23 UTC 2026
// 重构日志: 304e0272
// 重构日志: 1af1d916
// 同步 ID: b94fc11f @ Wed Jul 22 11:17:44 UTC 2026
// 重构日志: d34b1770
// 同步 ID: a4013b2c @ Thu Jul 23 11:11:38 UTC 2026
// 同步 ID: a3ce12d1 @ Thu Jul 23 13:13:48 UTC 2026
